::1 - - [18/Dec/2021:07:17:56 +0000] "GET /api/users HTTP/1.1" 200 517 "-" "PostmanRuntime/7.28.4"
::1 - - [18/Dec/2021:07:18:01 +0000] "DELETE /api/users HTTP/1.1" 404 151 "-" "PostmanRuntime/7.28.4"
::1 - - [18/Dec/2021:07:18:11 +0000] "DELETE /api/users/123 HTTP/1.1" 200 98 "-" "PostmanRuntime/7.28.4"
::1 - - [18/Dec/2021:07:18:26 +0000] "DELETE /api/users/123 HTTP/1.1" 200 98 "-" "PostmanRuntime/7.28.4"
::1 - - [18/Dec/2021:07:24:08 +0000] "GET /api/users HTTP/1.1" 200 517 "-" "PostmanRuntime/7.28.4"
::1 - - [18/Dec/2021:07:27:23 +0000] "DELETE /api/users/61bd8602c006f7cab034c410 HTTP/1.1" 200 144 "-" "PostmanRuntime/7.28.4"
::1 - - [18/Dec/2021:07:27:28 +0000] "GET /api/users HTTP/1.1" 200 396 "-" "PostmanRuntime/7.28.4"
::1 - - [18/Dec/2021:07:27:43 +0000] "GET /api/users HTTP/1.1" 200 396 "-" "PostmanRuntime/7.28.4"
::1 - - [18/Dec/2021:07:27:53 +0000] "DELETE /api/users/61bd82c060733c4a9d34ad97 HTTP/1.1" 200 144 "-" "PostmanRuntime/7.28.4"
::1 - - [18/Dec/2021:07:27:56 +0000] "GET /api/users HTTP/1.1" 200 275 "-" "PostmanRuntime/7.28.4"
::1 - - [18/Dec/2021:07:28:09 +0000] "DELETE /api/users/61bd82c060733c4a9d34ad97 HTTP/1.1" 200 108 "-" "PostmanRuntime/7.28.4"
::1 - - [18/Dec/2021:07:28:43 +0000] "GET /api/users HTTP/1.1" 200 275 "-" "PostmanRuntime/7.28.4"
::1 - - [18/Dec/2021:07:30:29 +0000] "PUT /api/users/61bc71d83f5015dc0a91200f HTTP/1.1" 200 148 "-" "PostmanRuntime/7.28.4"
::1 - - [18/Dec/2021:07:30:40 +0000] "GET /api/users HTTP/1.1" 200 271 "-" "PostmanRuntime/7.28.4"
::1 - - [18/Dec/2021:07:31:52 +0000] "PUT /api/users/61bc71d83f5015dc0a91200f HTTP/1.1" 200 365 "-" "PostmanRuntime/7.28.4"
::1 - - [18/Dec/2021:07:32:01 +0000] "GET /api/users HTTP/1.1" 200 271 "-" "PostmanRuntime/7.28.4"
::1 - - [18/Dec/2021:07:32:18 +0000] "PUT /api/users/61bc71d83f5015dc0a91200f HTTP/1.1" 200 365 "-" "PostmanRuntime/7.28.4"
::1 - - [18/Dec/2021:07:33:03 +0000] "PUT /api/users/61bc71d83f5015dc0a91200f HTTP/1.1" 200 143 "-" "PostmanRuntime/7.28.4"
::1 - - [18/Dec/2021:07:33:09 +0000] "GET /api/users HTTP/1.1" 200 270 "-" "PostmanRuntime/7.28.4"
::1 - - [18/Dec/2021:07:33:16 +0000] "PUT /api/users/61bc71d83f5015dc0a91200f HTTP/1.1" 200 365 "-" "PostmanRuntime/7.28.4"
::1 - - [18/Dec/2021:07:33:29 +0000] "PUT /api/users/61bc71d83f5015dc0a91200f HTTP/1.1" 200 148 "-" "PostmanRuntime/7.28.4"
::1 - - [18/Dec/2021:07:33:35 +0000] "GET /api/users HTTP/1.1" 200 275 "-" "PostmanRuntime/7.28.4"
::1 - - [18/Dec/2021:07:40:57 +0000] "GET /api/users/61bd8602c006f7cab034c410 HTTP/1.1" 200 108 "-" "PostmanRuntime/7.28.4"
::1 - - [18/Dec/2021:07:41:03 +0000] "GET /api/users/61bd8602c006f7cab034c410 HTTP/1.1" 200 108 "-" "PostmanRuntime/7.28.4"
::1 - - [18/Dec/2021:07:41:10 +0000] "GET /api/users/61bd8602c006f7cab034c410 HTTP/1.1" 200 108 "-" "PostmanRuntime/7.28.4"
::1 - - [18/Dec/2021:07:42:37 +0000] "GET /api/users/61bd8602c006f7cab034c412 HTTP/1.1" 200 108 "-" "PostmanRuntime/7.28.4"
::1 - - [18/Dec/2021:07:42:52 +0000] "GET /api/users/12 HTTP/1.1" 500 1146 "-" "PostmanRuntime/7.28.4"
::1 - - [18/Dec/2021:07:56:15 +0000] "GET /api/users HTTP/1.1" 200 275 "-" "PostmanRuntime/7.28.4"
::1 - - [18/Dec/2021:07:56:22 +0000] "GET /api/users/61bc71d83f5015dc0a91200f HTTP/1.1" 200 148 "-" "PostmanRuntime/7.28.4"
::1 - - [18/Dec/2021:07:56:25 +0000] "GET /api/users/61bc71d83f5015dc0a91200b HTTP/1.1" 200 108 "-" "PostmanRuntime/7.28.4"
::1 - - [18/Dec/2021:08:03:06 +0000] "POST /api/users HTTP/1.1" 200 151 "-" "PostmanRuntime/7.28.4"
::1 - - [18/Dec/2021:08:03:09 +0000] "GET /api/users HTTP/1.1" 200 403 "-" "PostmanRuntime/7.28.4"
::1 - - [18/Dec/2021:08:19:14 +0000] "GET /api/users HTTP/1.1" 200 403 "-" "PostmanRuntime/7.28.4"
::ffff:127.0.0.1 - - [18/Dec/2021:08:23:29 +0000] "GET /api/users HTTP/1.1" 200 26 "-" "PostmanRuntime/7.28.4"
::1 - - [18/Dec/2021:08:23:47 +0000] "GET /api/users HTTP/1.1" 200 403 "-" "PostmanRuntime/7.28.4"
::1 - - [18/Dec/2021:08:39:24 +0000] "POST /api/users HTTP/1.1" 200 199 "-" "PostmanRuntime/7.28.4"
::1 - - [18/Dec/2021:08:39:30 +0000] "GET /api/users HTTP/1.1" 200 433 "-" "PostmanRuntime/7.28.4"
::1 - - [18/Dec/2021:08:39:42 +0000] "GET /api/users HTTP/1.1" 200 433 "-" "PostmanRuntime/7.28.4"
::1 - - [18/Dec/2021:08:41:01 +0000] "GET /api/users HTTP/1.1" 200 433 "-" "PostmanRuntime/7.28.4"
::1 - - [18/Dec/2021:09:04:03 +0000] "GET /api/users HTTP/1.1" 200 433 "-" "PostmanRuntime/7.28.4"
::1 - - [18/Dec/2021:09:05:11 +0000] "OPTIONS /api/users HTTP/1.1" 200 13 "http://127.0.0.1:5500/" "Mozilla/5.0 (Windows NT 10.0; Win64; x64) AppleWebKit/537.36 (KHTML, like Gecko) Chrome/96.0.4664.110 Safari/537.36"
